Using pre-set license
Built from '2020.3/staging' branch; Version is '2020.3.18f1 (a7d1c678663c) revision 10998214'; Using compiler version '192528614'; Build Type 'Release'
OS: 'Windows 10 Home; OS build 19042.1348; Version 2009; 64bit' Language: 'en' Physical Memory: 16328 MB
BatchMode: 1, IsHumanControllingUs: 0, StartBugReporterOnCrash: 0, Is64bit: 1, IsPro: 0

COMMAND LINE ARGUMENTS:
C:\Program Files\Unity\Hub\Editor\2020.3.18f1\Editor\Unity.exe
-adb2
-batchMode
-noUpm
-name
AssetImportWorker0
-projectPath
D:/Local Account/Documents/GitHub/GAD181-Team-2
-logFile
Logs/AssetImportWorker0.log
-srvPort
57179
Successfully changed project path to: D:/Local Account/Documents/GitHub/GAD181-Team-2
D:/Local Account/Documents/GitHub/GAD181-Team-2
Using Asset Import Pipeline V2.
Refreshing native plugins compatible for Editor in 101.20 ms, found 3 plugins.
Preloading 0 native plugins for Editor in 0.00 ms.
Initialize engine version: 2020.3.18f1 (a7d1c678663c)
[Subsystems] Discovering subsystems at path C:/Program Files/Unity/Hub/Editor/2020.3.18f1/Editor/Data/Resources/UnitySubsystems
[Subsystems] Discovering subsystems at path D:/Local Account/Documents/GitHub/GAD181-Team-2/Assets
GfxDevice: creating device client; threaded=0
Direct3D:
    Version:  Direct3D 11.0 [level 11.1]
    Renderer: Radeon RX 580 Series (ID=0x67df)
    Vendor:   
    VRAM:     8171 MB
    Driver:   30.0.13025.1000
Initialize mono
Mono path[0] = 'C:/Program Files/Unity/Hub/Editor/2020.3.18f1/Editor/Data/Managed'
Mono path[1] = 'C:/Program Files/Unity/Hub/Editor/2020.3.18f1/Editor/Data/MonoBleedingEdge/lib/mono/unityjit'
Mono config path = 'C:/Program Files/Unity/Hub/Editor/2020.3.18f1/Editor/Data/MonoBleedingEdge/etc'
Using monoOptions --debugger-agent=transport=dt_socket,embedding=1,server=y,suspend=n,address=127.0.0.1:56240
Begin MonoManager ReloadAssembly
Registering precompiled unity dll's ...
Register platform support module: C:/Program Files/Unity/Hub/Editor/2020.3.18f1/Editor/Data/PlaybackEngines/WebGLSupport/UnityEditor.WebGL.Extensions.dll
Register platform support module: C:/Program Files/Unity/Hub/Editor/2020.3.18f1/Editor/Data/PlaybackEngines/WindowsStandaloneSupport/UnityEditor.WindowsStandalone.Extensions.dll
Registered in 0.002500 seconds.
Native extension for WindowsStandalone target not found
Native extension for WebGL target not found
Refreshing native plugins compatible for Editor in 97.66 ms, found 3 plugins.
Preloading 0 native plugins for Editor in 0.00 ms.
Mono: successfully reloaded assembly
- Completed reload, in  1.210 seconds
Domain Reload Profiling:
	ReloadAssembly (1210ms)
		BeginReloadAssembly (54ms)
			ExecutionOrderSort (0ms)
			DisableScriptedObjects (0ms)
			BackupInstance (0ms)
			ReleaseScriptingObjects (0ms)
			CreateAndSetChildDomain (1ms)
		EndReloadAssembly (469ms)
			LoadAssemblies (52ms)
			RebuildTransferFunctionScriptingTraits (0ms)
			SetupTypeCache (146ms)
			ReleaseScriptCaches (0ms)
			RebuildScriptCaches (29ms)
			SetupLoadedEditorAssemblies (223ms)
				LogAssemblyErrors (0ms)
				InitializePlatformSupportModulesInManaged (5ms)
				SetLoadedEditorAssemblies (0ms)
				RefreshPlugins (98ms)
				BeforeProcessingInitializeOnLoad (15ms)
				ProcessInitializeOnLoadAttributes (79ms)
				ProcessInitializeOnLoadMethodAttributes (26ms)
				AfterProcessingInitializeOnLoad (0ms)
				EditorAssembliesLoaded (0ms)
			ExecutionOrderSort2 (0ms)
			AwakeInstancesAfterBackupRestoration (0ms)
Platform modules already initialized, skipping
Registering precompiled user dll's ...
Registered in 0.004678 seconds.
Begin MonoManager ReloadAssembly
Symbol file LoadedFromMemory doesn't match image D:\Local Account\Documents\GitHub\GAD181-Team-2\Library\PackageCache\com.unity.visualscripting@1.6.1\Editor\VisualScripting.Core\Dependencies\YamlDotNet\Unity.VisualScripting.YamlDotNet.dll
Symbol file LoadedFromMemory doesn't match image D:\Local Account\Documents\GitHub\GAD181-Team-2\Library\PackageCache\com.unity.visualscripting@1.6.1\Editor\VisualScripting.Core\Dependencies\DotNetZip\Unity.VisualScripting.IonicZip.dll
Native extension for WindowsStandalone target not found
Native extension for WebGL target not found
Refreshing native plugins compatible for Editor in 0.75 ms, found 3 plugins.
Preloading 0 native plugins for Editor in 0.00 ms.
Mono: successfully reloaded assembly
- Completed reload, in  1.187 seconds
Domain Reload Profiling:
	ReloadAssembly (1188ms)
		BeginReloadAssembly (140ms)
			ExecutionOrderSort (0ms)
			DisableScriptedObjects (4ms)
			BackupInstance (0ms)
			ReleaseScriptingObjects (0ms)
			CreateAndSetChildDomain (16ms)
		EndReloadAssembly (990ms)
			LoadAssemblies (96ms)
			RebuildTransferFunctionScriptingTraits (0ms)
			SetupTypeCache (350ms)
			ReleaseScriptCaches (1ms)
			RebuildScriptCaches (58ms)
			SetupLoadedEditorAssemblies (397ms)
				LogAssemblyErrors (0ms)
				InitializePlatformSupportModulesInManaged (6ms)
				SetLoadedEditorAssemblies (0ms)
				RefreshPlugins (1ms)
				BeforeProcessingInitializeOnLoad (96ms)
				ProcessInitializeOnLoadAttributes (284ms)
				ProcessInitializeOnLoadMethodAttributes (3ms)
				AfterProcessingInitializeOnLoad (7ms)
				EditorAssembliesLoaded (0ms)
			ExecutionOrderSort2 (0ms)
			AwakeInstancesAfterBackupRestoration (6ms)
Platform modules already initialized, skipping
========================================================================
Worker process is ready to serve import requests
Launched and connected shader compiler UnityShaderCompiler.exe after 0.06 seconds
Refreshing native plugins compatible for Editor in 0.75 ms, found 3 plugins.
Preloading 0 native plugins for Editor in 0.00 ms.
Unloading 3342 Unused Serialized files (Serialized files now loaded: 0)
System memory in use before: 147.6 MB.
System memory in use after: 147.5 MB.

Unloading 25 unused Assets to reduce memory usage. Loaded Objects now: 3796.
Total: 3.193800 ms (FindLiveObjects: 0.282900 ms CreateObjectMapping: 0.146800 ms MarkObjects: 2.495100 ms  DeleteObjects: 0.268100 ms)

AssetImportParameters requested are different than current active one (requested -> active):
  custom:framework-win-MediaFoundation: 216162199b28c13a410421893ffa2e32 -> 
  custom:video-decoder-ogg-theora: a1e56fd34408186e4bbccfd4996cb3dc -> 
  custom:container-muxer-webm: aa71ff27fc2769a1b78a27578f13a17b -> 
  custom:container-demuxer-webm: 4f35f7cbe854078d1ac9338744f61a02 -> 
  custom:container-demuxer-ogg: 62fdf1f143b41e24485cea50d1cbac27 -> 
  custom:video-encoder-webm-vp8: eb34c28f22e8b96e1ab97ce403110664 -> 
  custom:video-decoder-webm-vp8: 9c59270c3fd7afecdb556c50c9e8de78 -> 
  custom:audio-decoder-ogg-vorbis: bf7c407c2cedff20999df2af8eb42d56 -> 
  custom:audio-encoder-webm-vorbis: bf7c407c2cedff20999df2af8eb42d56 -> 
========================================================================
Received Import Request.
  path: Assets/SimpleTown/Materials/Road.mat
  artifactKey: Guid(2191478c1f641c245b4fe9449817a0b7) Importer(815301076,1909f56bfc062723c751e8b465ee728b)
Start importing Assets/SimpleTown/Materials/Road.mat using Guid(2191478c1f641c245b4fe9449817a0b7) Importer(815301076,1909f56bfc062723c751e8b465ee728b)  -> (artifact id: '3c903b4778715a9d62e4ddabf57e1e77') in 0.100057 seconds 
  Import took 0.105177 seconds .

========================================================================
Received Import Request.
  Time since last request: 0.000235 seconds.
  path: Assets/48 Particle Effect Pack/Texture/Ring3.mat
  artifactKey: Guid(1d614f3d551c4444484365870e44b67d) Importer(815301076,1909f56bfc062723c751e8b465ee728b)
Start importing Assets/48 Particle Effect Pack/Texture/Ring3.mat using Guid(1d614f3d551c4444484365870e44b67d) Importer(815301076,1909f56bfc062723c751e8b465ee728b)  -> (artifact id: 'c2dd75de678c09b204ad2e96bdd135cc') in 0.047890 seconds 
  Import took 0.052612 seconds .

========================================================================
Received Import Request.
  Time since last request: 0.000223 seconds.
  path: Assets/48 Particle Effect Pack/Texture/Particle.mat
  artifactKey: Guid(e252ebe03637ede45ab53f0c045e6f67) Importer(815301076,1909f56bfc062723c751e8b465ee728b)
Start importing Assets/48 Particle Effect Pack/Texture/Particle.mat using Guid(e252ebe03637ede45ab53f0c045e6f67) Importer(815301076,1909f56bfc062723c751e8b465ee728b)  -> (artifact id: '0b88dbfd869c5df9aa0c04c20c9fa567') in 0.013551 seconds 
  Import took 0.018398 seconds .

========================================================================
Received Import Request.
  Time since last request: 0.000247 seconds.
  path: Assets/48 Particle Effect Pack/Texture/SnowCrystal.mat
  artifactKey: Guid(412c1c87c8bf88d41be9917ecf91390d) Importer(815301076,1909f56bfc062723c751e8b465ee728b)
Start importing Assets/48 Particle Effect Pack/Texture/SnowCrystal.mat using Guid(412c1c87c8bf88d41be9917ecf91390d) Importer(815301076,1909f56bfc062723c751e8b465ee728b)  -> (artifact id: 'f578d121053a8f7b747c1121ed000e2e') in 0.012664 seconds 
  Import took 0.017652 seconds .

========================================================================
Received Import Request.
  Time since last request: 0.000176 seconds.
  path: Assets/SimpleTown/Materials/Props_Billboard.mat
  artifactKey: Guid(219967ce9dc9a8f4d9ab8a7d1d14cf9d) Importer(815301076,1909f56bfc062723c751e8b465ee728b)
Start importing Assets/SimpleTown/Materials/Props_Billboard.mat using Guid(219967ce9dc9a8f4d9ab8a7d1d14cf9d) Importer(815301076,1909f56bfc062723c751e8b465ee728b)  -> (artifact id: 'a4119aed980d78c8b13fdb7af469d5f6') in 0.014717 seconds 
  Import took 0.019762 seconds .

========================================================================
Received Import Request.
  Time since last request: 0.000221 seconds.
  path: Assets/48 Particle Effect Pack/Texture/Smoke7.mat
  artifactKey: Guid(191574f46320e4c4899893a4a0a7e359) Importer(815301076,1909f56bfc062723c751e8b465ee728b)
Start importing Assets/48 Particle Effect Pack/Texture/Smoke7.mat using Guid(191574f46320e4c4899893a4a0a7e359) Importer(815301076,1909f56bfc062723c751e8b465ee728b)  -> (artifact id: 'ea7aa62dcf016fabe2402eafab997ef7') in 0.014701 seconds 
  Import took 0.019541 seconds .

========================================================================
Received Import Request.
  Time since last request: 0.000182 seconds.
  path: Assets/48 Particle Effect Pack/Texture/Smoke2.mat
  artifactKey: Guid(e7fe729e9ec95e2439d2c646b543f08d) Importer(815301076,1909f56bfc062723c751e8b465ee728b)
Start importing Assets/48 Particle Effect Pack/Texture/Smoke2.mat using Guid(e7fe729e9ec95e2439d2c646b543f08d) Importer(815301076,1909f56bfc062723c751e8b465ee728b)  -> (artifact id: '3fe63a092b3f78afa35fc3f9b8f5de62') in 0.016021 seconds 
  Import took 0.021071 seconds .

========================================================================
Received Import Request.
  Time since last request: 0.000199 seconds.
  path: Assets/48 Particle Effect Pack/Texture/SnowCrystal4.mat
  artifactKey: Guid(0988637850bb9194e99c94ec05c10305) Importer(815301076,1909f56bfc062723c751e8b465ee728b)
Start importing Assets/48 Particle Effect Pack/Texture/SnowCrystal4.mat using Guid(0988637850bb9194e99c94ec05c10305) Importer(815301076,1909f56bfc062723c751e8b465ee728b)  -> (artifact id: '8edbf269536522cded9aba11b91dbcaf') in 0.014125 seconds 
  Import took 0.018849 seconds .

========================================================================
Received Import Request.
  Time since last request: 0.000164 seconds.
  path: Assets/48 Particle Effect Pack/Texture/Spark2.mat
  artifactKey: Guid(a1ebb5132f727d043b53629a18b54fb3) Importer(815301076,1909f56bfc062723c751e8b465ee728b)
Start importing Assets/48 Particle Effect Pack/Texture/Spark2.mat using Guid(a1ebb5132f727d043b53629a18b54fb3) Importer(815301076,1909f56bfc062723c751e8b465ee728b)  -> (artifact id: 'f87eccfc4a3c49ad1b16d635eca4544b') in 0.016763 seconds 
  Import took 0.021531 seconds .

========================================================================
Received Import Request.
  Time since last request: 0.000157 seconds.
  path: Assets/StarterParticles/Materials/Particles Mobile Alpha.mat
  artifactKey: Guid(0586fb390af6e4d56987fb75b880d2b2) Importer(815301076,1909f56bfc062723c751e8b465ee728b)
Start importing Assets/StarterParticles/Materials/Particles Mobile Alpha.mat using Guid(0586fb390af6e4d56987fb75b880d2b2) Importer(815301076,1909f56bfc062723c751e8b465ee728b)  -> (artifact id: '31f9aaa442bf7277bb36fe7f1a373b1a') in 0.032502 seconds 
  Import took 0.037118 seconds .

========================================================================
Received Import Request.
  Time since last request: 0.000192 seconds.
  path: Assets/48 Particle Effect Pack/Texture/Ring8.mat
  artifactKey: Guid(8280e9d847cf7154aa2a72ce1c89d59d) Importer(815301076,1909f56bfc062723c751e8b465ee728b)
Start importing Assets/48 Particle Effect Pack/Texture/Ring8.mat using Guid(8280e9d847cf7154aa2a72ce1c89d59d) Importer(815301076,1909f56bfc062723c751e8b465ee728b)  -> (artifact id: '66fbd3ca98afad29e86ea515b02f6061') in 0.018399 seconds 
  Import took 0.022871 seconds .

========================================================================
Received Import Request.
  Time since last request: 0.000164 seconds.
  path: Assets/48 Particle Effect Pack/Texture/Smoke4.mat
  artifactKey: Guid(6d7056011f1a430418a308ed22098905) Importer(815301076,1909f56bfc062723c751e8b465ee728b)
Start importing Assets/48 Particle Effect Pack/Texture/Smoke4.mat using Guid(6d7056011f1a430418a308ed22098905) Importer(815301076,1909f56bfc062723c751e8b465ee728b)  -> (artifact id: 'd4e568952b8d07427c95c5b6f7ce2fbc') in 0.013554 seconds 
  Import took 0.019138 seconds .

========================================================================
Received Import Request.
  Time since last request: 0.000162 seconds.
  path: Assets/48 Particle Effect Pack/Texture/Smoke5.mat
  artifactKey: Guid(43e33c0d66f41ee4c9a6f94ed7c73160) Importer(815301076,1909f56bfc062723c751e8b465ee728b)
Start importing Assets/48 Particle Effect Pack/Texture/Smoke5.mat using Guid(43e33c0d66f41ee4c9a6f94ed7c73160) Importer(815301076,1909f56bfc062723c751e8b465ee728b)  -> (artifact id: '89e8853d9ff51e05bd51bb51a20b2953') in 0.017145 seconds 
  Import took 0.021784 seconds .

========================================================================
Received Import Request.
  Time since last request: 0.000191 seconds.
  path: Assets/48 Particle Effect Pack/Texture/Ring.mat
  artifactKey: Guid(2fa09479d6bc66f4baa4f46c8f710867) Importer(815301076,1909f56bfc062723c751e8b465ee728b)
Start importing Assets/48 Particle Effect Pack/Texture/Ring.mat using Guid(2fa09479d6bc66f4baa4f46c8f710867) Importer(815301076,1909f56bfc062723c751e8b465ee728b)  -> (artifact id: '1c13a3320dc3e4382a3fe7251e5a2e8e') in 0.011694 seconds 
  Import took 0.016223 seconds .

========================================================================
Received Import Request.
  Time since last request: 0.000157 seconds.
  path: Assets/48 Particle Effect Pack/Texture/Ring7.mat
  artifactKey: Guid(726165da5ee6f0c42873838ea5757cdb) Importer(815301076,1909f56bfc062723c751e8b465ee728b)
Start importing Assets/48 Particle Effect Pack/Texture/Ring7.mat using Guid(726165da5ee6f0c42873838ea5757cdb) Importer(815301076,1909f56bfc062723c751e8b465ee728b)  -> (artifact id: '13576efe407573e7f93b5dc0d6b434da') in 0.011492 seconds 
  Import took 0.025682 seconds .

========================================================================
Received Import Request.
  Time since last request: 0.000180 seconds.
  path: Assets/48 Particle Effect Pack/Texture/Smoke6.mat
  artifactKey: Guid(27f647092701743478e8a6f6b8b9b0ad) Importer(815301076,1909f56bfc062723c751e8b465ee728b)
Start importing Assets/48 Particle Effect Pack/Texture/Smoke6.mat using Guid(27f647092701743478e8a6f6b8b9b0ad) Importer(815301076,1909f56bfc062723c751e8b465ee728b)  -> (artifact id: 'fb0cc60e00537cd0e95fd2d25e2bda65') in 0.011375 seconds 
  Import took 0.015955 seconds .

========================================================================
Received Import Request.
  Time since last request: 0.000248 seconds.
  path: Assets/48 Particle Effect Pack/Texture/SnowCrystal2.mat
  artifactKey: Guid(2580527c6caaf0d40aee14435b63a2d1) Importer(815301076,1909f56bfc062723c751e8b465ee728b)
Start importing Assets/48 Particle Effect Pack/Texture/SnowCrystal2.mat using Guid(2580527c6caaf0d40aee14435b63a2d1) Importer(815301076,1909f56bfc062723c751e8b465ee728b)  -> (artifact id: 'a13b199579512d8a0de1da61e1f9ea19') in 0.011171 seconds 
  Import took 0.015998 seconds .

========================================================================
Received Import Request.
  Time since last request: 0.000161 seconds.
  path: Assets/48 Particle Effect Pack/Texture/Smoke3.mat
  artifactKey: Guid(be7533a6f81a2e14d9ab9d57915552ca) Importer(815301076,1909f56bfc062723c751e8b465ee728b)
Start importing Assets/48 Particle Effect Pack/Texture/Smoke3.mat using Guid(be7533a6f81a2e14d9ab9d57915552ca) Importer(815301076,1909f56bfc062723c751e8b465ee728b)  -> (artifact id: '12b2c7179bfcd7d0044bca559703e0ca') in 0.011829 seconds 
  Import took 0.016735 seconds .

========================================================================
Received Import Request.
  Time since last request: 0.000167 seconds.
  path: Assets/StarterParticles/Materials/SmokePuffs3.mat
  artifactKey: Guid(0e614e05d1c7a4bcdbbe24547504eeb9) Importer(815301076,1909f56bfc062723c751e8b465ee728b)
Start importing Assets/StarterParticles/Materials/SmokePuffs3.mat using Guid(0e614e05d1c7a4bcdbbe24547504eeb9) Importer(815301076,1909f56bfc062723c751e8b465ee728b)  -> (artifact id: '67deb43900daa0b0e99c382ad80e3902') in 0.015992 seconds 
  Import took 0.021037 seconds .

========================================================================
Received Import Request.
  Time since last request: 0.000185 seconds.
  path: Assets/48 Particle Effect Pack/Texture/Ring6.mat
  artifactKey: Guid(ac54cfdbacf954346904cd054091cb49) Importer(815301076,1909f56bfc062723c751e8b465ee728b)
Start importing Assets/48 Particle Effect Pack/Texture/Ring6.mat using Guid(ac54cfdbacf954346904cd054091cb49) Importer(815301076,1909f56bfc062723c751e8b465ee728b)  -> (artifact id: 'c9ea253c6eaf8c6662f6e7b84d92f62c') in 0.012127 seconds 
  Import took 0.017161 seconds .

========================================================================
Received Import Request.
  Time since last request: 0.000204 seconds.
  path: Assets/SimpleTown/Materials/Nature.mat
  artifactKey: Guid(83df962484e785f438feef86157b6e99) Importer(815301076,1909f56bfc062723c751e8b465ee728b)
Start importing Assets/SimpleTown/Materials/Nature.mat using Guid(83df962484e785f438feef86157b6e99) Importer(815301076,1909f56bfc062723c751e8b465ee728b)  -> (artifact id: '71d37a360a10d07b2e9a58083fc19cac') in 0.011584 seconds 
  Import took 0.017120 seconds .

========================================================================
Received Import Request.
  Time since last request: 0.000254 seconds.
  path: Assets/48 Particle Effect Pack/Texture/Ring5.mat
  artifactKey: Guid(4db05a28dbb8a1747a2a366e8ebbf370) Importer(815301076,1909f56bfc062723c751e8b465ee728b)
Start importing Assets/48 Particle Effect Pack/Texture/Ring5.mat using Guid(4db05a28dbb8a1747a2a366e8ebbf370) Importer(815301076,1909f56bfc062723c751e8b465ee728b)  -> (artifact id: '063efeeb88b364a559efc73c74390463') in 0.013986 seconds 
  Import took 0.019129 seconds .

========================================================================
Received Import Request.
  Time since last request: 0.000180 seconds.
  path: Assets/StarterParticles/Materials/Particles Mobile Add.mat
  artifactKey: Guid(aebc2fcd4311946738874768112cd326) Importer(815301076,1909f56bfc062723c751e8b465ee728b)
Start importing Assets/StarterParticles/Materials/Particles Mobile Add.mat using Guid(aebc2fcd4311946738874768112cd326) Importer(815301076,1909f56bfc062723c751e8b465ee728b)  -> (artifact id: '792f319db58556de0133a8eb7affe5e6') in 0.010943 seconds 
  Import took 0.015797 seconds .

========================================================================
Received Import Request.
  Time since last request: 0.000178 seconds.
  path: Assets/48 Particle Effect Pack/Texture/Ring4.mat
  artifactKey: Guid(ce1a2cdc9db22ed4190e11159c00f4d3) Importer(815301076,1909f56bfc062723c751e8b465ee728b)
Start importing Assets/48 Particle Effect Pack/Texture/Ring4.mat using Guid(ce1a2cdc9db22ed4190e11159c00f4d3) Importer(815301076,1909f56bfc062723c751e8b465ee728b)  -> (artifact id: '18e1f0e7b68b24d09324cd6813227883') in 0.010533 seconds 
  Import took 0.015414 seconds .

========================================================================
Received Import Request.
  Time since last request: 0.000155 seconds.
  path: Assets/48 Particle Effect Pack/Texture/Smoke.mat
  artifactKey: Guid(e59de0e3c6b519c479c450ea945289d4) Importer(815301076,1909f56bfc062723c751e8b465ee728b)
Start importing Assets/48 Particle Effect Pack/Texture/Smoke.mat using Guid(e59de0e3c6b519c479c450ea945289d4) Importer(815301076,1909f56bfc062723c751e8b465ee728b)  -> (artifact id: '67dc835fee8e6449183e162e7656b0c9') in 0.011113 seconds 
  Import took 0.016093 seconds .

========================================================================
Received Import Request.
  Time since last request: 0.000252 seconds.
  path: Assets/StarterParticles/Materials/SmashCracksMat.mat
  artifactKey: Guid(c47160a4437d84aedb3c9d12fef8ae67) Importer(815301076,1909f56bfc062723c751e8b465ee728b)
Start importing Assets/StarterParticles/Materials/SmashCracksMat.mat using Guid(c47160a4437d84aedb3c9d12fef8ae67) Importer(815301076,1909f56bfc062723c751e8b465ee728b)  -> (artifact id: 'e61722e3b5ee397a0bda678da3595cfb') in 0.035467 seconds 
  Import took 0.064329 seconds .

========================================================================
Received Import Request.
  Time since last request: 0.000400 seconds.
  path: Assets/48 Particle Effect Pack/Texture/Ring2.mat
  artifactKey: Guid(4186e9b6090f86f44ba623f55e461f6f) Importer(815301076,1909f56bfc062723c751e8b465ee728b)
Start importing Assets/48 Particle Effect Pack/Texture/Ring2.mat using Guid(4186e9b6090f86f44ba623f55e461f6f) Importer(815301076,1909f56bfc062723c751e8b465ee728b)  -> (artifact id: 'db0fdcd5838799d94d98f993d8949a1d') in 0.017296 seconds 
  Import took 0.025378 seconds .

========================================================================
Received Import Request.
  Time since last request: 0.000226 seconds.
  path: Assets/48 Particle Effect Pack/Texture/SnowCrystal3.mat
  artifactKey: Guid(2ddb0a58e3b129649b0e330a964e50a8) Importer(815301076,1909f56bfc062723c751e8b465ee728b)
Start importing Assets/48 Particle Effect Pack/Texture/SnowCrystal3.mat using Guid(2ddb0a58e3b129649b0e330a964e50a8) Importer(815301076,1909f56bfc062723c751e8b465ee728b)  -> (artifact id: 'ab0edc44a648a832d80cb3121cb72a6f') in 0.010416 seconds 
  Import took 0.015544 seconds .

========================================================================
Received Import Request.
  Time since last request: 0.000161 seconds.
  path: Assets/StarterParticles/Materials/SmokePuffs1.mat
  artifactKey: Guid(77f3d6625c44647da8e5c503bea7d4c6) Importer(815301076,1909f56bfc062723c751e8b465ee728b)
Start importing Assets/StarterParticles/Materials/SmokePuffs1.mat using Guid(77f3d6625c44647da8e5c503bea7d4c6) Importer(815301076,1909f56bfc062723c751e8b465ee728b)  -> (artifact id: 'a35565a098ab95a4009777a1c537e2a9') in 0.013731 seconds 
  Import took 0.018981 seconds .

========================================================================
Received Import Request.
  Time since last request: 0.000230 seconds.
  path: Assets/StarterParticles/Materials/SmokePuffs2.mat
  artifactKey: Guid(80e18054a2d9246a89ee4af89ba542f6) Importer(815301076,1909f56bfc062723c751e8b465ee728b)
Start importing Assets/StarterParticles/Materials/SmokePuffs2.mat using Guid(80e18054a2d9246a89ee4af89ba542f6) Importer(815301076,1909f56bfc062723c751e8b465ee728b)  -> (artifact id: '857ee60c1526004777a4ddab64a545fb') in 0.011516 seconds 
  Import took 0.016441 seconds .

========================================================================
Received Import Request.
  Time since last request: 0.000228 seconds.
  path: Assets/SimpleTown/Materials/Props_Dumpster.mat
  artifactKey: Guid(368fc3419e8bed246ae940f068c776bf) Importer(815301076,1909f56bfc062723c751e8b465ee728b)
Start importing Assets/SimpleTown/Materials/Props_Dumpster.mat using Guid(368fc3419e8bed246ae940f068c776bf) Importer(815301076,1909f56bfc062723c751e8b465ee728b)  -> (artifact id: 'a0d1d26280f6dc42fe53d263167f2ab7') in 0.010358 seconds 
  Import took 0.015820 seconds .

========================================================================
Received Import Request.
  Time since last request: 0.000193 seconds.
  path: Assets/SimpleTown/Materials/props.mat
  artifactKey: Guid(1fd6e614640236b45bb310cd7610a657) Importer(815301076,1909f56bfc062723c751e8b465ee728b)
Start importing Assets/SimpleTown/Materials/props.mat using Guid(1fd6e614640236b45bb310cd7610a657) Importer(815301076,1909f56bfc062723c751e8b465ee728b)  -> (artifact id: '5e9a16a6ed09c36bee4e0f851d1fe341') in 0.013119 seconds 
  Import took 0.018122 seconds .

========================================================================
Received Import Request.
  Time since last request: 0.000193 seconds.
  path: Assets/SimpleTown/Materials/Props_Street.mat
  artifactKey: Guid(3e979b3745b4a024bbbd5806d425fa75) Importer(815301076,1909f56bfc062723c751e8b465ee728b)
Start importing Assets/SimpleTown/Materials/Props_Street.mat using Guid(3e979b3745b4a024bbbd5806d425fa75) Importer(815301076,1909f56bfc062723c751e8b465ee728b)  -> (artifact id: 'cdbbd81e4742f54dae843f1b45acd329') in 0.014023 seconds 
  Import took 0.019196 seconds .

========================================================================
Received Import Request.
  Time since last request: 0.000157 seconds.
  path: Assets/SimpleTown/Materials/Road_divider.mat
  artifactKey: Guid(b1b815268ecf4b142b55c74c55d25872) Importer(815301076,1909f56bfc062723c751e8b465ee728b)
Start importing Assets/SimpleTown/Materials/Road_divider.mat using Guid(b1b815268ecf4b142b55c74c55d25872) Importer(815301076,1909f56bfc062723c751e8b465ee728b)  -> (artifact id: 'a97ac0ddf01f5f6825f9a03f9ac49be1') in 0.010782 seconds 
  Import took 0.015789 seconds .

========================================================================
Received Import Request.
  Time since last request: 0.000168 seconds.
  path: Assets/StarterParticles/Materials/SmokePuff3Alpha.mat
  artifactKey: Guid(d1a40a4c96c7244d8b85f624de7618bd) Importer(815301076,1909f56bfc062723c751e8b465ee728b)
Start importing Assets/StarterParticles/Materials/SmokePuff3Alpha.mat using Guid(d1a40a4c96c7244d8b85f624de7618bd) Importer(815301076,1909f56bfc062723c751e8b465ee728b)  -> (artifact id: '6bfe941402f77af4180c1e471f3ab133') in 0.033399 seconds 
  Import took 0.038359 seconds .

========================================================================
Received Import Request.
  Time since last request: 37.445179 seconds.
  path: Assets/Scenes/LoseScreen.unity
  artifactKey: Guid(8ce8b834d1a415241823323fd361aa43) Importer(815301076,1909f56bfc062723c751e8b465ee728b)
Start importing Assets/Scenes/LoseScreen.unity using Guid(8ce8b834d1a415241823323fd361aa43) Importer(815301076,1909f56bfc062723c751e8b465ee728b)  -> (artifact id: '8c662428ddd34ec0a035b977b92b5e14') in 0.005497 seconds 
  Import took 0.049521 seconds .

========================================================================
Received Prepare
Registering precompiled user dll's ...
Registered in 0.005684 seconds.
Begin MonoManager ReloadAssembly
Symbol file LoadedFromMemory doesn't match image D:\Local Account\Documents\GitHub\GAD181-Team-2\Library\PackageCache\com.unity.visualscripting@1.6.1\Editor\VisualScripting.Core\Dependencies\YamlDotNet\Unity.VisualScripting.YamlDotNet.dll
Symbol file LoadedFromMemory doesn't match image D:\Local Account\Documents\GitHub\GAD181-Team-2\Library\PackageCache\com.unity.visualscripting@1.6.1\Editor\VisualScripting.Core\Dependencies\DotNetZip\Unity.VisualScripting.IonicZip.dll
Native extension for WindowsStandalone target not found
Native extension for WebGL target not found
Refreshing native plugins compatible for Editor in 0.83 ms, found 3 plugins.
Preloading 0 native plugins for Editor in 0.00 ms.
Mono: successfully reloaded assembly
- Completed reload, in  1.502 seconds
Domain Reload Profiling:
	ReloadAssembly (1502ms)
		BeginReloadAssembly (144ms)
			ExecutionOrderSort (0ms)
			DisableScriptedObjects (4ms)
			BackupInstance (0ms)
			ReleaseScriptingObjects (0ms)
			CreateAndSetChildDomain (43ms)
		EndReloadAssembly (1281ms)
			LoadAssemblies (118ms)
			RebuildTransferFunctionScriptingTraits (0ms)
			SetupTypeCache (423ms)
			ReleaseScriptCaches (1ms)
			RebuildScriptCaches (51ms)
			SetupLoadedEditorAssemblies (562ms)
				LogAssemblyErrors (0ms)
				InitializePlatformSupportModulesInManaged (7ms)
				SetLoadedEditorAssemblies (1ms)
				RefreshPlugins (1ms)
				BeforeProcessingInitializeOnLoad (99ms)
				ProcessInitializeOnLoadAttributes (415ms)
				ProcessInitializeOnLoadMethodAttributes (19ms)
				AfterProcessingInitializeOnLoad (19ms)
				EditorAssembliesLoaded (0ms)
			ExecutionOrderSort2 (0ms)
			AwakeInstancesAfterBackupRestoration (11ms)
Platform modules already initialized, skipping
Refreshing native plugins compatible for Editor in 0.91 ms, found 3 plugins.
Preloading 0 native plugins for Editor in 0.00 ms.
Unloading 3290 Unused Serialized files (Serialized files now loaded: 0)
System memory in use before: 146.4 MB.
System memory in use after: 146.3 MB.

Unloading 22 unused Assets to reduce memory usage. Loaded Objects now: 3842.
Total: 4.425500 ms (FindLiveObjects: 0.376500 ms CreateObjectMapping: 0.209800 ms MarkObjects: 3.693000 ms  DeleteObjects: 0.145000 ms)

AssetImportParameters requested are different than current active one (requested -> active):
  custom:framework-win-MediaFoundation: 216162199b28c13a410421893ffa2e32 -> 
  custom:video-decoder-ogg-theora: a1e56fd34408186e4bbccfd4996cb3dc -> 
  custom:container-muxer-webm: aa71ff27fc2769a1b78a27578f13a17b -> 
  custom:container-demuxer-webm: 4f35f7cbe854078d1ac9338744f61a02 -> 
  custom:container-demuxer-ogg: 62fdf1f143b41e24485cea50d1cbac27 -> 
  custom:video-encoder-webm-vp8: eb34c28f22e8b96e1ab97ce403110664 -> 
  custom:video-decoder-webm-vp8: 9c59270c3fd7afecdb556c50c9e8de78 -> 
  custom:audio-decoder-ogg-vorbis: bf7c407c2cedff20999df2af8eb42d56 -> 
  custom:audio-encoder-webm-vorbis: bf7c407c2cedff20999df2af8eb42d56 -> 
AssetImportWorkerClient::OnTransportError - code=2 error=End of file
